#
# A fatal error has been detected by the Java Runtime Environment:
#
#  EXCEPTION_ACCESS_VIOLATION (0xc0000005) at pc=0x0000022aa4d71066, pid=16924, tid=0x0000000000001684
#
# JRE version: OpenJDK Runtime Environment (8.0_345-b01) (build 1.8.0_345-b01)
# Java VM: OpenJDK 64-Bit Server VM (25.345-b01 mixed mode windows-amd64 compressed oops)
# Problematic frame:
# C  [OpenAL64.dll+0x11066]
#
# Failed to write core dump. Minidumps are not enabled by default on client versions of Windows
#
# If you would like to submit a bug report, please visit:
#   https://github.com/adoptium/adoptium-support/issues
# The crash happened outside the Java Virtual Machine in native code.
# See problematic frame for where to report the bug.
#

---------------  T H R E A D  ---------------

Current thread (0x0000022a886bd800):  JavaThread "main" [_thread_in_native, id=5764, stack(0x00000071e3f00000,0x00000071e4000000)]

siginfo: ExceptionCode=0xc0000005, reading address 0x0000022aa5400004

Registers:
RAX=0x0000000000000001, RBX=0x0000022aa64d0090, RCX=0x0000022aa5400008, RDX=0x0000022aa5400004
RSP=0x00000071e3ffcac0, RBP=0x00000000000000ff, RSI=0x0000022aa53f3b4c, RDI=0x0000000000000000
R8 =0x000000000000312e, R9 =0x0000022aa53f3b4c, R10=0x0000022a8a139c62, R11=0x00000000563e57b0
R12=0x0000000000000001, R13=0x0000022aa6311388, R14=0x00000071e3ffcc60, R15=0x0000022a886bd800
RIP=0x0000022aa4d71066, EFLAGS=0x0000000000010202

Top of Stack: (sp=0x00000071e3ffcac0)
0x00000071e3ffcac0:   0000000000000000 0000000000000000
0x00000071e3ffcad0:   0000000000000000 0000022a886bd800
0x00000071e3ffcae0:   00000071e3ffcc60 0000000000000000
0x00000071e3ffcaf0:   0000022a886bd800 0000022a886aa0b0
0x00000071e3ffcb00:   0000022aa6311388 0000022aa6311388
0x00000071e3ffcb10:   0000022a88686970 000000005627bda5
0x00000071e3ffcb20:   00000071e3ffd400 0000022a88686930
0x00000071e3ffcb30:   0000022a886bd800 00000071e3ffcc60
0x00000071e3ffcb40:   0000022aa6311388 0000000000000000
0x00000071e3ffcb50:   0000022aa53f3b4c 0000000000000248
0x00000071e3ffcb60:   00000071e3ffcc28 0000022aa4d7248f
0x00000071e3ffcb70:   0000022aa64d0090 0000022aa64d0090
0x00000071e3ffcb80:   000000000000ac44 0000022a00000001
0x00000071e3ffcb90:   0000022a8a127bd0 0000022a8a139c8e
0x00000071e3ffcba0:   0000022aa6311388 00000071e3ffcba8
0x00000071e3ffcbb0:   0000022a8a127bd0 0000022a8a13999b 

Instructions: (pc=0x0000022aa4d71066)
0x0000022aa4d71046:   41 2b ec 81 3a 03 00 02 00 75 09 8b 01 89 84 24
0x0000022aa4d71056:   c8 00 00 00 49 83 c0 02 48 83 c1 08 4a 8d 14 86
0x0000022aa4d71066:   39 3a 75 af 4c 8d 84 24 c0 00 00 00 48 8d 15 d7
0x0000022aa4d71076:   2b 03 00 33 c9 e8 58 5f 00 00 b8 40 1f 00 00 4c 


Register to memory mapping:

RAX=0x0000000000000001 is an unknown value
RBX=0x0000022aa64d0090 is an unknown value
RCX=0x0000022aa5400008 is an unknown value
RDX=0x0000022aa5400004 is an unknown value
RSP=0x00000071e3ffcac0 is pointing into the stack for thread: 0x0000022a886bd800
RBP=0x00000000000000ff is an unknown value
RSI=0x0000022aa53f3b4c is an unknown value
RDI=0x0000000000000000 is an unknown value
R8 =0x000000000000312e is an unknown value
R9 =0x0000022aa53f3b4c is an unknown value
R10=0x0000022a8a139c62 is at code_begin+962 in an Interpreter codelet
method entry point (kind = native)  [0x0000022a8a1398a0, 0x0000022a8a13a340]  2720 bytes
R11=0x00000000563e57b0 is an unknown value
R12=0x0000000000000001 is an unknown value
R13={method} {0x0000022aa6311390} 'nalcCreateContext' '(JJ)J' in 'org/lwjgl/openal/ALC10'
R14=0x00000071e3ffcc60 is pointing into the stack for thread: 0x0000022a886bd800
R15=0x0000022a886bd800 is a thread


Stack: [0x00000071e3f00000,0x00000071e4000000],  sp=0x00000071e3ffcac0,  free space=1010k
Native frames: (J=compiled Java code, j=interpreted, Vv=VM code, C=native code)
C  [OpenAL64.dll+0x11066]
C  [OpenAL64.dll+0x1248f]
C  0x0000022a8a139c8e

Java frames: (J=compiled Java code, j=interpreted, Vv=VM code)
j  org.lwjgl.openal.ALC10.nalcCreateContext(JJ)J+0
j  org.lwjgl.openal.ALC10.alcCreateContext(Lorg/lwjgl/openal/ALCdevice;Ljava/nio/IntBuffer;)Lorg/lwjgl/openal/ALCcontext;+8
j  org.lwjgl.openal.AL.init(Ljava/lang/String;IIZZ)V+69
j  org.lwjgl.openal.AL.create(Ljava/lang/String;IIZZ)V+246
j  org.lwjgl.openal.AL.create(Ljava/lang/String;IIZ)V+5
j  org.lwjgl.openal.AL.create()V+6
j  com.badlogic.gdx.backends.lwjgl.audio.OpenALAudio.<init>(III)V+114
j  com.badlogic.gdx.backends.lwjgl.LwjglApplication.<init>(Lcom/badlogic/gdx/ApplicationListener;Lcom/badlogic/gdx/backends/lwjgl/LwjglApplicationConfiguration;Lcom/badlogic/gdx/backends/lwjgl/LwjglGraphics;)V+120
j  com.badlogic.gdx.backends.lwjgl.LwjglApplication.<init>(Lcom/badlogic/gdx/ApplicationListener;Lcom/badlogic/gdx/backends/lwjgl/LwjglApplicationConfiguration;)V+11
j  org.uqbar.project.wollok.game.gameboard.WollokGDXApplication.<init>(Lorg/uqbar/project/wollok/game/gameboard/Gameboard;Ljava/lang/Boolean;)V+17
j  org.uqbar.project.wollok.game.helpers.Application.start(Lorg/uqbar/project/wollok/game/gameboard/Gameboard;Ljava/lang/Boolean;)V+5
j  org.uqbar.project.wollok.game.gameboard.Gameboard.start(Ljava/lang/Boolean;)V+13
j  wollok.game.GameObject.doStart(Ljava/lang/Boolean;)V+12
v  ~StubRoutines::call_stub
j  sun.reflect.NativeMethodAccessorImpl.invoke0(Ljava/lang/reflect/Method;Ljava/lang/Object;[Ljava/lang/Object;)Ljava/lang/Object;+0
j  sun.reflect.NativeMethodAccessorImpl.invoke(Ljava/lang/Object;[Ljava/lang/Object;)Ljava/lang/Object;+100
J 2653 C1 sun.reflect.DelegatingMethodAccessorImpl.invoke(Ljava/lang/Object;[Ljava/lang/Object;)Ljava/lang/Object; (10 bytes) @ 0x0000022a8a9d3704 [0x0000022a8a9d3600+0x104]
J 2652 C1 java.lang.reflect.Method.invoke(Ljava/lang/Object;[Ljava/lang/Object;)Ljava/lang/Object; (62 bytes) @ 0x0000022a8a9d63ac [0x0000022a8a9d5fc0+0x3ec]
j  org.uqbar.project.wollok.ui.utils.XTendUtilExtensions.invokeConvertingArgs(Ljava/lang/reflect/Method;Ljava/lang/Object;[Ljava/lang/Object;)Lorg/uqbar/project/wollok/interpreter/core/WollokObject;+261
j  org.uqbar.project.wollok.interpreter.AbstractWollokCallable._invokeNative(Ljava/lang/Object;Ljava/lang/String;[Lorg/uqbar/project/wollok/interpreter/core/WollokObject;)Lorg/uqbar/project/wollok/interpreter/core/WollokObject;+41
j  org.uqbar.project.wollok.interpreter.AbstractWollokCallable.invokeNative(Ljava/lang/Object;Ljava/lang/String;[Lorg/uqbar/project/wollok/interpreter/core/WollokObject;)Lorg/uqbar/project/wollok/interpreter/core/WollokObject;+26
j  org.uqbar.project.wollok.interpreter.AbstractWollokCallable$1.apply()Lorg/uqbar/project/wollok/interpreter/core/WollokObject;+55
j  org.uqbar.project.wollok.interpreter.AbstractWollokCallable$1.apply()Ljava/lang/Object;+1
j  org.uqbar.project.wollok.interpreter.threads.WThread.performOnStack(Lorg/eclipse/emf/ecore/EObject;Lorg/uqbar/project/wollok/interpreter/context/EvaluationContext;Lorg/eclipse/xtext/xbase/lib/Functions$Function0;)Lorg/uqbar/project/wollok/interpreter/core/WollokObject;+29
j  org.uqbar.project.wollok.interpreter.WollokInterpreter.performOnStack(Lorg/eclipse/emf/ecore/EObject;Lorg/uqbar/project/wollok/interpreter/context/EvaluationContext;Lorg/eclipse/xtext/xbase/lib/Functions$Function0;)Lorg/uqbar/project/wollok/interpreter/core/WollokObject;+7
j  org.uqbar.project.wollok.interpreter.AbstractWollokCallable.call(Lorg/uqbar/project/wollok/wollokDsl/WMethodDeclaration;[Lorg/uqbar/project/wollok/interpreter/core/WollokObject;)Lorg/uqbar/project/wollok/interpreter/core/WollokObject;+38
j  org.uqbar.project.wollok.interpreter.core.WollokObject.call(Ljava/lang/String;[Lorg/uqbar/project/wollok/interpreter/core/WollokObject;)Lorg/uqbar/project/wollok/interpreter/core/WollokObject;+55
j  org.uqbar.project.wollok.interpreter.WollokInterpreterEvaluator._evaluate(Lorg/uqbar/project/wollok/wollokDsl/WFeatureCall;)Lorg/uqbar/project/wollok/interpreter/core/WollokObject;+119
j  org.uqbar.project.wollok.launch.WollokLauncherInterpreterEvaluator.evaluate(Lorg/eclipse/emf/ecore/EObject;)Lorg/uqbar/project/wollok/interpreter/core/WollokObject;+412
j  org.uqbar.project.wollok.interpreter.WollokInterpreterEvaluator.evaluate(Lorg/eclipse/emf/ecore/EObject;)Ljava/lang/Object;+2
j  org.uqbar.project.wollok.interpreter.WollokInterpreter.eval(Lorg/eclipse/emf/ecore/EObject;)Lorg/uqbar/project/wollok/interpreter/core/WollokObject;+63
j  org.uqbar.project.wollok.interpreter.WollokInterpreterEvaluator.eval(Lorg/eclipse/emf/ecore/EObject;)Lorg/uqbar/project/wollok/interpreter/core/WollokObject;+5
j  org.uqbar.project.wollok.interpreter.WollokInterpreterEvaluator$1.apply(Lorg/uqbar/project/wollok/interpreter/core/WollokObject;Lorg/eclipse/emf/ecore/EObject;)Lorg/uqbar/project/wollok/interpreter/core/WollokObject;+5
j  org.uqbar.project.wollok.interpreter.WollokInterpreterEvaluator$1.apply(Ljava/lang/Object;Ljava/lang/Object;)Ljava/lang/Object;+9
j  org.eclipse.xtext.xbase.lib.IteratorExtensions.fold(Ljava/util/Iterator;Ljava/lang/Object;Lorg/eclipse/xtext/xbase/lib/Functions$Function2;)Ljava/lang/Object;+19
j  org.eclipse.xtext.xbase.lib.IterableExtensions.fold(Ljava/lang/Iterable;Ljava/lang/Object;Lorg/eclipse/xtext/xbase/lib/Functions$Function2;)Ljava/lang/Object;+8
j  org.uqbar.project.wollok.interpreter.WollokInterpreterEvaluator.evalAll(Ljava/lang/Iterable;)Lorg/uqbar/project/wollok/interpreter/core/WollokObject;+12
j  org.uqbar.project.wollok.interpreter.WollokInterpreterEvaluator._evaluate(Lorg/uqbar/project/wollok/wollokDsl/WBlockExpression;)Lorg/uqbar/project/wollok/interpreter/core/WollokObject;+34
j  org.uqbar.project.wollok.launch.WollokLauncherInterpreterEvaluator.evaluate(Lorg/eclipse/emf/ecore/EObject;)Lorg/uqbar/project/wollok/interpreter/core/WollokObject;+76
j  org.uqbar.project.wollok.interpreter.WollokInterpreterEvaluator.evaluate(Lorg/eclipse/emf/ecore/EObject;)Ljava/lang/Object;+2
j  org.uqbar.project.wollok.interpreter.WollokInterpreter.eval(Lorg/eclipse/emf/ecore/EObject;)Lorg/uqbar/project/wollok/interpreter/core/WollokObject;+63
j  org.uqbar.project.wollok.interpreter.AbstractWollokCallable.eval(Lorg/eclipse/emf/ecore/EObject;)Lorg/uqbar/project/wollok/interpreter/core/WollokObject;+5
j  org.uqbar.project.wollok.interpreter.AbstractWollokCallable$1.apply()Lorg/uqbar/project/wollok/interpreter/core/WollokObject;+110
j  org.uqbar.project.wollok.interpreter.AbstractWollokCallable$1.apply()Ljava/lang/Object;+1
j  org.uqbar.project.wollok.interpreter.threads.WThread.performOnStack(Lorg/eclipse/emf/ecore/EObject;Lorg/uqbar/project/wollok/interpreter/context/EvaluationContext;Lorg/eclipse/xtext/xbase/lib/Functions$Function0;)Lorg/uqbar/project/wollok/interpreter/core/WollokObject;+29
j  org.uqbar.project.wollok.interpreter.WollokInterpreter.performOnStack(Lorg/eclipse/emf/ecore/EObject;Lorg/uqbar/project/wollok/interpreter/context/EvaluationContext;Lorg/eclipse/xtext/xbase/lib/Functions$Function0;)Lorg/uqbar/project/wollok/interpreter/core/WollokObject;+7
j  org.uqbar.project.wollok.interpreter.AbstractWollokCallable.call(Lorg/uqbar/project/wollok/wollokDsl/WMethodDeclaration;[Lorg/uqbar/project/wollok/interpreter/core/WollokObject;)Lorg/uqbar/project/wollok/interpreter/core/WollokObject;+38
j  org.uqbar.project.wollok.interpreter.core.WollokObject.call(Ljava/lang/String;[Lorg/uqbar/project/wollok/interpreter/core/WollokObject;)Lorg/uqbar/project/wollok/interpreter/core/WollokObject;+55
j  org.uqbar.project.wollok.interpreter.WollokInterpreterEvaluator._evaluate(Lorg/uqbar/project/wollok/wollokDsl/WFeatureCall;)Lorg/uqbar/project/wollok/interpreter/core/WollokObject;+119
j  org.uqbar.project.wollok.launch.WollokLauncherInterpreterEvaluator.evaluate(Lorg/eclipse/emf/ecore/EObject;)Lorg/uqbar/project/wollok/interpreter/core/WollokObject;+412
j  org.uqbar.project.wollok.interpreter.WollokInterpreterEvaluator.evaluate(Lorg/eclipse/emf/ecore/EObject;)Ljava/lang/Object;+2
j  org.uqbar.project.wollok.interpreter.WollokInterpreter.eval(Lorg/eclipse/emf/ecore/EObject;)Lorg/uqbar/project/wollok/interpreter/core/WollokObject;+63
j  org.uqbar.project.wollok.interpreter.WollokInterpreterEvaluator.eval(Lorg/eclipse/emf/ecore/EObject;)Lorg/uqbar/project/wollok/interpreter/core/WollokObject;+5
j  org.uqbar.project.wollok.interpreter.WollokInterpreterEvaluator$1.apply(Lorg/uqbar/project/wollok/interpreter/core/WollokObject;Lorg/eclipse/emf/ecore/EObject;)Lorg/uqbar/project/wollok/interpreter/core/WollokObject;+5
j  org.uqbar.project.wollok.interpreter.WollokInterpreterEvaluator$1.apply(Ljava/lang/Object;Ljava/lang/Object;)Ljava/lang/Object;+9
j  org.eclipse.xtext.xbase.lib.IteratorExtensions.fold(Ljava/util/Iterator;Ljava/lang/Object;Lorg/eclipse/xtext/xbase/lib/Functions$Function2;)Ljava/lang/Object;+19
j  org.eclipse.xtext.xbase.lib.IterableExtensions.fold(Ljava/lang/Iterable;Ljava/lang/Object;Lorg/eclipse/xtext/xbase/lib/Functions$Function2;)Ljava/lang/Object;+8
j  org.uqbar.project.wollok.interpreter.WollokInterpreterEvaluator.evalAll(Ljava/lang/Iterable;)Lorg/uqbar/project/wollok/interpreter/core/WollokObject;+12
j  org.uqbar.project.wollok.interpreter.WollokInterpreterEvaluator._evaluate(Lorg/uqbar/project/wollok/wollokDsl/WProgram;)Lorg/uqbar/project/wollok/interpreter/core/WollokObject;+18
j  org.uqbar.project.wollok.launch.WollokLauncherInterpreterEvaluator.evaluate(Lorg/eclipse/emf/ecore/EObject;)Lorg/uqbar/project/wollok/interpreter/core/WollokObject;+444
j  org.uqbar.project.wollok.interpreter.WollokInterpreterEvaluator.evaluate(Lorg/eclipse/emf/ecore/EObject;)Ljava/lang/Object;+2
j  org.uqbar.project.wollok.interpreter.WollokInterpreter.eval(Lorg/eclipse/emf/ecore/EObject;)Lorg/uqbar/project/wollok/interpreter/core/WollokObject;+63
j  org.uqbar.project.wollok.interpreter.WollokInterpreterEvaluator.eval(Lorg/eclipse/emf/ecore/EObject;)Lorg/uqbar/project/wollok/interpreter/core/WollokObject;+5
j  org.uqbar.project.wollok.launch.WollokLauncherInterpreterEvaluator._evaluate(Lorg/uqbar/project/wollok/wollokDsl/WFile;)Lorg/uqbar/project/wollok/interpreter/core/WollokObject;+32
j  org.uqbar.project.wollok.launch.WollokLauncherInterpreterEvaluator.evaluate(Lorg/eclipse/emf/ecore/EObject;)Lorg/uqbar/project/wollok/interpreter/core/WollokObject;+428
j  org.uqbar.project.wollok.interpreter.WollokInterpreterEvaluator.evaluate(Lorg/eclipse/emf/ecore/EObject;)Ljava/lang/Object;+2
j  org.uqbar.project.wollok.interpreter.WollokInterpreter.interpret(Lorg/eclipse/emf/ecore/EObject;Ljava/lang/Boolean;)Lorg/uqbar/project/wollok/interpreter/core/WollokObject;+25
j  org.uqbar.project.wollok.interpreter.WollokInterpreter.interpret(Lorg/eclipse/emf/ecore/EObject;)Lorg/uqbar/project/wollok/interpreter/core/WollokObject;+8
j  org.uqbar.project.wollok.launch.WollokLauncher.doSomething(Lorg/uqbar/project/wollok/wollokDsl/WFile;Lcom/google/inject/Injector;Ljava/io/File;Lorg/uqbar/project/wollok/launch/WollokLauncherParameters;)V+109
j  org.uqbar.project.wollok.launch.WollokChecker.launch(Ljava/lang/String;Lorg/uqbar/project/wollok/launch/WollokLauncherParameters;)V+31
j  org.uqbar.project.wollok.launch.WollokChecker.doMain([Ljava/lang/String;)V+205
j  org.uqbar.project.wollok.launch.WollokLauncher.main([Ljava/lang/String;)V+8
v  ~StubRoutines::call_stub

---------------  P R O C E S S  ---------------

Java Threads: ( => current thread )
  0x0000022aa1418000 JavaThread "com.google.inject.internal.util.$Finalizer" daemon [_thread_blocked, id=824, stack(0x00000071e5400000,0x00000071e5500000)]
  0x0000022aa1294800 JavaThread "EMF Reference Cleaner" daemon [_thread_blocked, id=2788, stack(0x00000071e5300000,0x00000071e5400000)]
  0x0000022aa06c0800 JavaThread "Service Thread" daemon [_thread_blocked, id=632, stack(0x00000071e5100000,0x00000071e5200000)]
  0x0000022a9e865800 JavaThread "C1 CompilerThread3" daemon [_thread_blocked, id=10868, stack(0x00000071e5000000,0x00000071e5100000)]
  0x0000022a9e85a800 JavaThread "C2 CompilerThread2" daemon [_thread_blocked, id=18544, stack(0x00000071e4f00000,0x00000071e5000000)]
  0x0000022a9e853000 JavaThread "C2 CompilerThread1" daemon [_thread_blocked, id=18032, stack(0x00000071e4e00000,0x00000071e4f00000)]
  0x0000022a9e857000 JavaThread "C2 CompilerThread0" daemon [_thread_blocked, id=17932, stack(0x00000071e4d00000,0x00000071e4e00000)]
  0x0000022a9e84a800 JavaThread "Attach Listener" daemon [_thread_blocked, id=20152, stack(0x00000071e4c00000,0x00000071e4d00000)]
  0x0000022a9e847800 JavaThread "Signal Dispatcher" daemon [_thread_blocked, id=9512, stack(0x00000071e4b00000,0x00000071e4c00000)]
  0x0000022a9e81e800 JavaThread "Finalizer" daemon [_thread_blocked, id=3896, stack(0x00000071e4a00000,0x00000071e4b00000)]
  0x0000022a9e80f000 JavaThread "Reference Handler" daemon [_thread_blocked, id=14952, stack(0x00000071e4900000,0x00000071e4a00000)]
=>0x0000022a886bd800 JavaThread "main" [_thread_in_native, id=5764, stack(0x00000071e3f00000,0x00000071e4000000)]

Other Threads:
  0x0000022a9e7e5000 VMThread [stack: 0x00000071e4800000,0x00000071e4900000] [id=20308]
  0x0000022aa06c4800 WatcherThread [stack: 0x00000071e5200000,0x00000071e5300000] [id=2820]

VM state:not at safepoint (normal execution)

VM Mutex/Monitor currently owned by a thread: None

heap address: 0x0000000081c00000, size: 2020 MB, Compressed Oops mode: 32-bit
Narrow klass base: 0x0000000000000000, Narrow klass shift: 3
Compressed class space size: 1073741824 Address: 0x0000000100000000

Heap:
 PSYoungGen      total 71680K, used 5439K [0x00000000d5f00000, 0x00000000e0000000, 0x0000000100000000)
  eden space 66560K, 8% used [0x00000000d5f00000,0x00000000d644fd50,0x00000000da000000)
  from space 5120K, 0% used [0x00000000da000000,0x00000000da000000,0x00000000da500000)
  to   space 15872K, 0% used [0x00000000df080000,0x00000000df080000,0x00000000e0000000)
 ParOldGen       total 88064K, used 25545K [0x0000000081c00000, 0x0000000087200000, 0x00000000d5f00000)
  object space 88064K, 29% used [0x0000000081c00000,0x00000000834f27d8,0x0000000087200000)
 Metaspace       used 21247K, capacity 21486K, committed 21760K, reserved 1069056K
  class space    used 2699K, capacity 2777K, committed 2816K, reserved 1048576K

Card table byte_map: [0x0000022a994e0000,0x0000022a998e0000] byte_map_base: 0x0000022a990d2000

Marking Bits: (ParMarkBitMap*) 0x00000000569d2850
 Begin Bits: [0x0000022a99b90000, 0x0000022a9bb20000)
 End Bits:   [0x0000022a9bb20000, 0x0000022a9dab0000)

Polling page: 0x0000022a887f0000

CodeCache: size=245760Kb used=10727Kb max_used=10727Kb free=235032Kb
 bounds [0x0000022a8a120000, 0x0000022a8abb0000, 0x0000022a99120000]
 total_blobs=3710 nmethods=3267 adapters=354
 compilation: enabled

Compilation events (10 events):
Event: 2.566 Thread 0x0000022a9e865800 3263       3       java.io.FileInputStream::read (9 bytes)
Event: 2.566 Thread 0x0000022a9e865800 nmethod 3263 0x0000022a8ab9ed10 code [0x0000022a8ab9ee80, 0x0000022a8ab9f010]
Event: 2.573 Thread 0x0000022a9e865800 3264       3       java.nio.DirectByteBuffer::put (18 bytes)
Event: 2.573 Thread 0x0000022a9e865800 nmethod 3264 0x0000022a8ab9f690 code [0x0000022a8ab9f800, 0x0000022a8ab9fa78]
Event: 2.573 Thread 0x0000022a9e865800 3265       3       java.nio.DirectByteBuffer::ix (10 bytes)
Event: 2.573 Thread 0x0000022a9e865800 nmethod 3265 0x0000022a8ab9fb90 code [0x0000022a8ab9fce0, 0x0000022a8ab9fe38]
Event: 2.573 Thread 0x0000022a9e865800 3268       1       java.nio.DirectByteBuffer::ix (10 bytes)
Event: 2.573 Thread 0x0000022a9e865800 nmethod 3268 0x0000022a8ab9fed0 code [0x0000022a8aba0020, 0x0000022a8aba0138]
Event: 2.573 Thread 0x0000022a9e865800 3267       3       java.nio.DirectByteBuffer::put (18 bytes)
Event: 2.574 Thread 0x0000022a9e865800 nmethod 3267 0x0000022a8aba0190 code [0x0000022a8aba0300, 0x0000022a8aba0578]

GC Heap History (10 events):
Event: 0.734 GC heap before
{Heap before GC invocations=2 (full 0):
 PSYoungGen      total 38400K, used 38383K [0x00000000d5f00000, 0x00000000d8980000, 0x0000000100000000)
  eden space 33280K, 100% used [0x00000000d5f00000,0x00000000d7f80000,0x00000000d7f80000)
  from space 5120K, 99% used [0x00000000d7f80000,0x00000000d847bf98,0x00000000d8480000)
  to   space 5120K, 0% used [0x00000000d8480000,0x00000000d8480000,0x00000000d8980000)
 ParOldGen       total 87552K, used 1711K [0x0000000081c00000, 0x0000000087180000, 0x00000000d5f00000)
  object space 87552K, 1% used [0x0000000081c00000,0x0000000081dabf80,0x0000000087180000)
 Metaspace       used 8740K, capacity 8808K, committed 9088K, reserved 1056768K
  class space    used 1047K, capacity 1076K, committed 1152K, reserved 1048576K
Event: 0.740 GC heap after
Heap after GC invocations=2 (full 0):
 PSYoungGen      total 38400K, used 5110K [0x00000000d5f00000, 0x00000000daa00000, 0x0000000100000000)
  eden space 33280K, 0% used [0x00000000d5f00000,0x00000000d5f00000,0x00000000d7f80000)
  from space 5120K, 99% used [0x00000000d8480000,0x00000000d897d9f0,0x00000000d8980000)
  to   space 5120K, 0% used [0x00000000d7f80000,0x00000000d7f80000,0x00000000d8480000)
 ParOldGen       total 87552K, used 11144K [0x0000000081c00000, 0x0000000087180000, 0x00000000d5f00000)
  object space 87552K, 12% used [0x0000000081c00000,0x00000000826e20e0,0x0000000087180000)
 Metaspace       used 8740K, capacity 8808K, committed 9088K, reserved 1056768K
  class space    used 1047K, capacity 1076K, committed 1152K, reserved 1048576K
}
Event: 1.054 GC heap before
{Heap before GC invocations=3 (full 0):
 PSYoungGen      total 38400K, used 38390K [0x00000000d5f00000, 0x00000000daa00000, 0x0000000100000000)
  eden space 33280K, 100% used [0x00000000d5f00000,0x00000000d7f80000,0x00000000d7f80000)
  from space 5120K, 99% used [0x00000000d8480000,0x00000000d897d9f0,0x00000000d8980000)
  to   space 5120K, 0% used [0x00000000d7f80000,0x00000000d7f80000,0x00000000d8480000)
 ParOldGen       total 87552K, used 11144K [0x0000000081c00000, 0x0000000087180000, 0x00000000d5f00000)
  object space 87552K, 12% used [0x0000000081c00000,0x00000000826e20e0,0x0000000087180000)
 Metaspace       used 12159K, capacity 12244K, committed 12416K, reserved 1060864K
  class space    used 1526K, capacity 1558K, committed 1664K, reserved 1048576K
Event: 1.060 GC heap after
Heap after GC invocations=3 (full 0):
 PSYoungGen      total 38400K, used 5102K [0x00000000d5f00000, 0x00000000daa00000, 0x0000000100000000)
  eden space 33280K, 0% used [0x00000000d5f00000,0x00000000d5f00000,0x00000000d7f80000)
  from space 5120K, 99% used [0x00000000d7f80000,0x00000000d847b8e0,0x00000000d8480000)
  to   space 5120K, 0% used [0x00000000da500000,0x00000000da500000,0x00000000daa00000)
 ParOldGen       total 87552K, used 18027K [0x0000000081c00000, 0x0000000087180000, 0x00000000d5f00000)
  object space 87552K, 20% used [0x0000000081c00000,0x0000000082d9ae48,0x0000000087180000)
 Metaspace       used 12159K, capacity 12244K, committed 12416K, reserved 1060864K
  class space    used 1526K, capacity 1558K, committed 1664K, reserved 1048576K
}
Event: 1.460 GC heap before
{Heap before GC invocations=4 (full 0):
 PSYoungGen      total 38400K, used 38382K [0x00000000d5f00000, 0x00000000daa00000, 0x0000000100000000)
  eden space 33280K, 100% used [0x00000000d5f00000,0x00000000d7f80000,0x00000000d7f80000)
  from space 5120K, 99% used [0x00000000d7f80000,0x00000000d847b8e0,0x00000000d8480000)
  to   space 5120K, 0% used [0x00000000da500000,0x00000000da500000,0x00000000daa00000)
 ParOldGen       total 87552K, used 18027K [0x0000000081c00000, 0x0000000087180000, 0x00000000d5f00000)
  object space 87552K, 20% used [0x0000000081c00000,0x0000000082d9ae48,0x0000000087180000)
 Metaspace       used 16339K, capacity 16458K, committed 16512K, reserved 1062912K
  class space    used 2112K, capacity 2143K, committed 2176K, reserved 1048576K
Event: 1.467 GC heap after
Heap after GC invocations=4 (full 0):
 PSYoungGen      total 71680K, used 5095K [0x00000000d5f00000, 0x00000000daa00000, 0x0000000100000000)
  eden space 66560K, 0% used [0x00000000d5f00000,0x00000000d5f00000,0x00000000da000000)
  from space 5120K, 99% used [0x00000000da500000,0x00000000da9f9f70,0x00000000daa00000)
  to   space 5120K, 0% used [0x00000000da000000,0x00000000da000000,0x00000000da500000)
 ParOldGen       total 87552K, used 25532K [0x0000000081c00000, 0x0000000087180000, 0x00000000d5f00000)
  object space 87552K, 29% used [0x0000000081c00000,0x00000000834ef280,0x0000000087180000)
 Metaspace       used 16339K, capacity 16458K, committed 16512K, reserved 1062912K
  class space    used 2112K, capacity 2143K, committed 2176K, reserved 1048576K
}
Event: 2.495 GC heap before
{Heap before GC invocations=5 (full 0):
 PSYoungGen      total 71680K, used 51542K [0x00000000d5f00000, 0x00000000daa00000, 0x0000000100000000)
  eden space 66560K, 69% used [0x00000000d5f00000,0x00000000d8c5bb78,0x00000000da000000)
  from space 5120K, 99% used [0x00000000da500000,0x00000000da9f9f70,0x00000000daa00000)
  to   space 5120K, 0% used [0x00000000da000000,0x00000000da000000,0x00000000da500000)
 ParOldGen       total 87552K, used 25532K [0x0000000081c00000, 0x0000000087180000, 0x00000000d5f00000)
  object space 87552K, 29% used [0x0000000081c00000,0x00000000834ef280,0x0000000087180000)
 Metaspace       used 20920K, capacity 21134K, committed 21248K, reserved 1067008K
  class space    used 2653K, capacity 2745K, committed 2816K, reserved 1048576K
Event: 2.502 GC heap after
Heap after GC invocations=5 (full 0):
 PSYoungGen      total 71680K, used 5093K [0x00000000d5f00000, 0x00000000e0000000, 0x0000000100000000)
  eden space 66560K, 0% used [0x00000000d5f00000,0x00000000d5f00000,0x00000000da000000)
  from space 5120K, 99% used [0x00000000da000000,0x00000000da4f97b0,0x00000000da500000)
  to   space 15872K, 0% used [0x00000000df080000,0x00000000df080000,0x00000000e0000000)
 ParOldGen       total 87552K, used 32757K [0x0000000081c00000, 0x0000000087180000, 0x00000000d5f00000)
  object space 87552K, 37% used [0x0000000081c00000,0x0000000083bfd7e0,0x0000000087180000)
 Metaspace       used 20920K, capacity 21134K, committed 21248K, reserved 1067008K
  class space    used 2653K, capacity 2745K, committed 2816K, reserved 1048576K
}
Event: 2.502 GC heap before
{Heap before GC invocations=6 (full 1):
 PSYoungGen      total 71680K, used 5093K [0x00000000d5f00000, 0x00000000e0000000, 0x0000000100000000)
  eden space 66560K, 0% used [0x00000000d5f00000,0x00000000d5f00000,0x00000000da000000)
  from space 5120K, 99% used [0x00000000da000000,0x00000000da4f97b0,0x00000000da500000)
  to   space 15872K, 0% used [0x00000000df080000,0x00000000df080000,0x00000000e0000000)
 ParOldGen       total 87552K, used 32757K [0x0000000081c00000, 0x0000000087180000, 0x00000000d5f00000)
  object space 87552K, 37% used [0x0000000081c00000,0x0000000083bfd7e0,0x0000000087180000)
 Metaspace       used 20920K, capacity 21134K, committed 21248K, reserved 1067008K
  class space    used 2653K, capacity 2745K, committed 2816K, reserved 1048576K
Event: 2.546 GC heap after
Heap after GC invocations=6 (full 1):
 PSYoungGen      total 71680K, used 0K [0x00000000d5f00000, 0x00000000e0000000, 0x0000000100000000)
  eden space 66560K, 0% used [0x00000000d5f00000,0x00000000d5f00000,0x00000000da000000)
  from space 5120K, 0% used [0x00000000da000000,0x00000000da000000,0x00000000da500000)
  to   space 15872K, 0% used [0x00000000df080000,0x00000000df080000,0x00000000e0000000)
 ParOldGen       total 88064K, used 25545K [0x0000000081c00000, 0x0000000087200000, 0x00000000d5f00000)
  object space 88064K, 29% used [0x0000000081c00000,0x00000000834f27d8,0x0000000087200000)
 Metaspace       used 20920K, capacity 21134K, committed 21248K, reserved 1067008K
  class space    used 2653K, capacity 2745K, committed 2816K, reserved 1048576K
}

Deoptimization events (10 events):
Event: 1.835 Thread 0x0000022a886bd800 Uncommon trap: reason=unstable_if action=reinterpret pc=0x0000022a8a7a2444 method=org.antlr.runtime.ANTLRStringStream.mark()I @ 4
Event: 1.836 Thread 0x0000022a886bd800 Uncommon trap: reason=class_check action=maybe_recompile pc=0x0000022a8a828128 method=org.eclipse.xtext.nodemodel.impl.NodeModelBuilder.addChild(Lorg/eclipse/xtext/nodemodel/ICompositeNode;Lorg/eclipse/xtext/nodemodel/impl/AbstractNode;)V @ 6
Event: 1.837 Thread 0x0000022a886bd800 Uncommon trap: reason=unstable_if action=reinterpret pc=0x0000022a8a88e58c method=org.antlr.runtime.CommonTokenStream.skipOffTokenChannels(I)I @ 12
Event: 1.842 Thread 0x0000022a886bd800 Uncommon trap: reason=class_check action=maybe_recompile pc=0x0000022a8a828128 method=org.eclipse.xtext.nodemodel.impl.NodeModelBuilder.addChild(Lorg/eclipse/xtext/nodemodel/ICompositeNode;Lorg/eclipse/xtext/nodemodel/impl/AbstractNode;)V @ 6
Event: 1.843 Thread 0x0000022a886bd800 Uncommon trap: reason=unstable_if action=reinterpret pc=0x0000022a8a86ae28 method=java.util.HashMap.computeIfAbsent(Ljava/lang/Object;Ljava/util/function/Function;)Ljava/lang/Object; @ 44
Event: 1.863 Thread 0x0000022a886bd800 Uncommon trap: reason=class_check action=maybe_recompile pc=0x0000022a8a828128 method=org.eclipse.xtext.nodemodel.impl.NodeModelBuilder.addChild(Lorg/eclipse/xtext/nodemodel/ICompositeNode;Lorg/eclipse/xtext/nodemodel/impl/AbstractNode;)V @ 6
Event: 1.870 Thread 0x0000022a886bd800 Uncommon trap: reason=class_check action=maybe_recompile pc=0x0000022a8a843afc method=org.eclipse.xtext.nodemodel.impl.NodeModelBuilder.addChild(Lorg/eclipse/xtext/nodemodel/ICompositeNode;Lorg/eclipse/xtext/nodemodel/impl/AbstractNode;)V @ 6
Event: 1.972 Thread 0x0000022a886bd800 Uncommon trap: reason=unstable_if action=reinterpret pc=0x0000022a8a605584 method=java.util.concurrent.ConcurrentHashMap.putVal(Ljava/lang/Object;Ljava/lang/Object;Z)Ljava/lang/Object; @ 181
Event: 2.247 Thread 0x0000022a886bd800 Uncommon trap: reason=unstable_if action=reinterpret pc=0x0000022a8a44994c method=java.io.WinNTFileSystem.normalize(Ljava/lang/String;)Ljava/lang/String; @ 49
Event: 2.264 Thread 0x0000022a886bd800 Uncommon trap: reason=unstable_if action=reinterpret pc=0x0000022a8a6fa254 method=sun.security.provider.DigestBase.engineUpdate([BII)V @ 1

Classes redefined (0 events):
No events

Internal exceptions (10 events):
Event: 1.888 Thread 0x0000022a886bd800 Exception <a 'java/io/FileNotFoundException'> (0x00000000d71f0918) thrown at [J:\jenkins\tmp\workspace\build\src\hotspot\src\share\vm\prims\jni.cpp, line 711]
Event: 2.088 Thread 0x0000022a886bd800 Exception <a 'java/lang/reflect/InvocationTargetException'> (0x00000000d7fb9408) thrown at [J:\jenkins\tmp\workspace\build\src\hotspot\src\share\vm\runtime\reflection.cpp, line 1092]
Event: 2.089 Thread 0x0000022a886bd800 Exception <a 'java/lang/reflect/InvocationTargetException'> (0x00000000d7fd5bc0) thrown at [J:\jenkins\tmp\workspace\build\src\hotspot\src\share\vm\runtime\reflection.cpp, line 1092]
Event: 2.090 Thread 0x0000022a886bd800 Exception <a 'java/lang/reflect/InvocationTargetException'> (0x00000000d7ff4c78) thrown at [J:\jenkins\tmp\workspace\build\src\hotspot\src\share\vm\runtime\reflection.cpp, line 1092]
Event: 2.578 Thread 0x0000022a886bd800 Exception <a 'java/security/PrivilegedActionException'> (0x00000000d62951e8) thrown at [J:\jenkins\tmp\workspace\build\src\hotspot\src\share\vm\prims\jvm.cpp, line 1524]
Event: 2.578 Thread 0x0000022a886bd800 Exception <a 'java/security/PrivilegedActionException'> (0x00000000d6296718) thrown at [J:\jenkins\tmp\workspace\build\src\hotspot\src\share\vm\prims\jvm.cpp, line 1524]
Event: 2.578 Thread 0x0000022a886bd800 Exception <a 'java/security/PrivilegedActionException'> (0x00000000d6297b48) thrown at [J:\jenkins\tmp\workspace\build\src\hotspot\src\share\vm\prims\jvm.cpp, line 1524]
Event: 2.578 Thread 0x0000022a886bd800 Exception <a 'java/security/PrivilegedActionException'> (0x00000000d6299208) thrown at [J:\jenkins\tmp\workspace\build\src\hotspot\src\share\vm\prims\jvm.cpp, line 1524]
Event: 2.578 Thread 0x0000022a886bd800 Exception <a 'java/security/PrivilegedActionException'> (0x00000000d629a600) thrown at [J:\jenkins\tmp\workspace\build\src\hotspot\src\share\vm\prims\jvm.cpp, line 1524]
Event: 2.578 Thread 0x0000022a886bd800 Exception <a 'java/security/PrivilegedActionException'> (0x00000000d629b9c8) thrown at [J:\jenkins\tmp\workspace\build\src\hotspot\src\share\vm\prims\jvm.cpp, line 1524]

Events (10 events):
Event: 2.599 loading class org/lwjgl/openal/ALCdevice
Event: 2.599 loading class org/lwjgl/openal/ALCdevice done
Event: 2.600 loading class org/lwjgl/openal/ALCcontext
Event: 2.600 loading class org/lwjgl/openal/ALCcontext done
Event: 2.600 loading class java/nio/DirectIntBufferU
Event: 2.600 loading class java/nio/DirectIntBufferU done
Event: 2.600 loading class org/lwjgl/openal/Util
Event: 2.600 loading class org/lwjgl/openal/Util done
Event: 2.600 loading class org/lwjgl/openal/OpenALException
Event: 2.600 loading class org/lwjgl/openal/OpenALException done


Dynamic libraries:
0x00007ff74e050000 - 0x00007ff74e08a000 	C:\Program Files\Eclipse Adoptium\jdk-8.0.345.1-hotspot\bin\javaw.exe
0x00007ff845190000 - 0x00007ff845388000 	C:\WINDOWS\SYSTEM32\ntdll.dll
0x00007ff843310000 - 0x00007ff8433cd000 	C:\WINDOWS\System32\KERNEL32.DLL
0x00007ff8428a0000 - 0x00007ff842b72000 	C:\WINDOWS\System32\KERNELBASE.dll
0x00007ff844880000 - 0x00007ff84492e000 	C:\WINDOWS\System32\ADVAPI32.dll
0x00007ff8434a0000 - 0x00007ff84353e000 	C:\WINDOWS\System32\msvcrt.dll
0x00007ff8439d0000 - 0x00007ff843a6c000 	C:\WINDOWS\System32\sechost.dll
0x00007ff843ce0000 - 0x00007ff843e05000 	C:\WINDOWS\System32\RPCRT4.dll
0x00007ff843e10000 - 0x00007ff843fad000 	C:\WINDOWS\System32\USER32.dll
0x00007ff842e80000 - 0x00007ff842ea2000 	C:\WINDOWS\System32\win32u.dll
0x00007ff845110000 - 0x00007ff84513b000 	C:\WINDOWS\System32\GDI32.dll
0x00007ff843050000 - 0x00007ff84315f000 	C:\WINDOWS\System32\gdi32full.dll
0x00007ff842fb0000 - 0x00007ff84304d000 	C:\WINDOWS\System32\msvcp_win.dll
0x00007ff842eb0000 - 0x00007ff842fb0000 	C:\WINDOWS\System32\ucrtbase.dll
0x00007ff82d120000 - 0x00007ff82d3ba000 	C:\WINDOWS\WinSxS\amd64_microsoft.windows.common-controls_6595b64144ccf1df_6.0.19041.1110_none_60b5254171f9507e\COMCTL32.dll
0x00007ff843540000 - 0x00007ff843570000 	C:\WINDOWS\System32\IMM32.DLL
0x00007ff8246a0000 - 0x00007ff82478f000 	C:\Program Files\Eclipse Adoptium\jdk-8.0.345.1-hotspot\jre\bin\msvcr120.dll
0x00007ff8221a0000 - 0x00007ff822246000 	C:\Program Files\Eclipse Adoptium\jdk-8.0.345.1-hotspot\jre\bin\msvcp120.dll
0x00000000561e0000 - 0x0000000056a51000 	C:\Program Files\Eclipse Adoptium\jdk-8.0.345.1-hotspot\jre\bin\server\jvm.dll
0x00007ff844870000 - 0x00007ff844878000 	C:\WINDOWS\System32\PSAPI.DLL
0x00007ff82eee0000 - 0x00007ff82eee9000 	C:\WINDOWS\SYSTEM32\WSOCK32.dll
0x00007ff83b6c0000 - 0x00007ff83b6ca000 	C:\WINDOWS\SYSTEM32\VERSION.dll
0x00007ff82c7a0000 - 0x00007ff82c7c7000 	C:\WINDOWS\SYSTEM32\WINMM.dll
0x00007ff843790000 - 0x00007ff8437fb000 	C:\WINDOWS\System32\WS2_32.dll
0x00007ff83cae0000 - 0x00007ff83caef000 	C:\Program Files\Eclipse Adoptium\jdk-8.0.345.1-hotspot\jre\bin\verify.dll
0x00007ff813500000 - 0x00007ff813529000 	C:\Program Files\Eclipse Adoptium\jdk-8.0.345.1-hotspot\jre\bin\java.dll
0x00007ff81e580000 - 0x00007ff81e596000 	C:\Program Files\Eclipse Adoptium\jdk-8.0.345.1-hotspot\jre\bin\zip.dll
0x00007ff8449c0000 - 0x00007ff845103000 	C:\WINDOWS\System32\SHELL32.dll
0x00007ff8408e0000 - 0x00007ff841071000 	C:\WINDOWS\SYSTEM32\windows.storage.dll
0x00007ff844030000 - 0x00007ff844384000 	C:\WINDOWS\System32\combase.dll
0x00007ff842300000 - 0x00007ff842330000 	C:\WINDOWS\SYSTEM32\Wldp.dll
0x00007ff843680000 - 0x00007ff84372d000 	C:\WINDOWS\System32\SHCORE.dll
0x00007ff843730000 - 0x00007ff843785000 	C:\WINDOWS\System32\shlwapi.dll
0x00007ff8427e0000 - 0x00007ff8427ff000 	C:\WINDOWS\SYSTEM32\profapi.dll
0x0000000065580000 - 0x0000000065616000 	C:\Users\agust\AppData\Local\Temp\libgdxagust\12dfaa03\gdx64.dll
0x00007ff8421f0000 - 0x00007ff842208000 	C:\WINDOWS\SYSTEM32\CRYPTSP.dll
0x00007ff8418d0000 - 0x00007ff841904000 	C:\WINDOWS\system32\rsaenh.dll
0x00007ff842b80000 - 0x00007ff842ba7000 	C:\WINDOWS\System32\bcrypt.dll
0x00007ff8427a0000 - 0x00007ff8427ce000 	C:\WINDOWS\SYSTEM32\USERENV.dll
0x00007ff843160000 - 0x00007ff8431e2000 	C:\WINDOWS\System32\bcryptprimitives.dll
0x00007ff842210000 - 0x00007ff84221c000 	C:\WINDOWS\SYSTEM32\CRYPTBASE.dll
0x00007ff8133a0000 - 0x00007ff8133ba000 	C:\Program Files\Eclipse Adoptium\jdk-8.0.345.1-hotspot\jre\bin\net.dll
0x00007ff842010000 - 0x00007ff84207a000 	C:\WINDOWS\system32\mswsock.dll
0x00007ff841cd0000 - 0x00007ff841d0b000 	C:\WINDOWS\SYSTEM32\IPHLPAPI.DLL
0x00007ff845140000 - 0x00007ff845148000 	C:\WINDOWS\System32\NSI.dll
0x00007ff839790000 - 0x00007ff8397a7000 	C:\WINDOWS\SYSTEM32\dhcpcsvc6.DLL
0x00007ff839c00000 - 0x00007ff839c1d000 	C:\WINDOWS\SYSTEM32\dhcpcsvc.DLL
0x00007ff841d20000 - 0x00007ff841dea000 	C:\WINDOWS\SYSTEM32\DNSAPI.dll
0x00007ff812390000 - 0x00007ff8123a2000 	C:\Program Files\Eclipse Adoptium\jdk-8.0.345.1-hotspot\jre\bin\nio.dll
0x0000000180000000 - 0x0000000180053000 	C:\Users\agust\AppData\Local\Temp\libgdxagust\dc0f0009\lwjgl64.dll
0x00007ff80a790000 - 0x00007ff80a8b7000 	C:\WINDOWS\SYSTEM32\OPENGL32.dll
0x00007ff80a760000 - 0x00007ff80a78c000 	C:\WINDOWS\SYSTEM32\GLU32.dll
0x0000022aa4d60000 - 0x0000022aa4dc4000 	C:\Users\agust\AppData\Local\Temp\libgdxagust\dc0f0009\OpenAL64.dll
0x00007ff843a70000 - 0x00007ff843b9a000 	C:\WINDOWS\System32\ole32.dll
0x00007ff841090000 - 0x00007ff8410a2000 	C:\WINDOWS\SYSTEM32\kernel.appcore.dll
0x00007ff83fe30000 - 0x00007ff83fece000 	C:\WINDOWS\system32\uxtheme.dll
0x00007ff8435d0000 - 0x00007ff84367f000 	C:\WINDOWS\System32\clbcatq.dll
0x00007ff800630000 - 0x00007ff8006cc000 	C:\WINDOWS\SYSTEM32\dsound.dll
0x00007ff841e40000 - 0x00007ff841e8b000 	C:\WINDOWS\SYSTEM32\powrprof.dll
0x00007ff822850000 - 0x00007ff822876000 	C:\WINDOWS\SYSTEM32\winmmbase.dll
0x00007ff841cb0000 - 0x00007ff841cc2000 	C:\WINDOWS\SYSTEM32\UMPDC.dll
0x00007ff83b6d0000 - 0x00007ff83b755000 	C:\WINDOWS\System32\MMDevApi.dll
0x00007ff842670000 - 0x00007ff84269c000 	C:\WINDOWS\System32\DEVOBJ.dll
0x00007ff842bb0000 - 0x00007ff842bfe000 	C:\WINDOWS\System32\cfgmgr32.dll
0x00007ff83b760000 - 0x00007ff83b8e2000 	C:\WINDOWS\SYSTEM32\AUDIOSES.DLL
0x00007ff8433d0000 - 0x00007ff84349d000 	C:\WINDOWS\System32\OLEAUT32.dll
0x00007ff840600000 - 0x00007ff8407e4000 	C:\WINDOWS\SYSTEM32\dbghelp.dll

VM Arguments:
jvm_args: -Duser.language=en_US -Dfile.encoding=UTF-8 
java_command: org.uqbar.project.wollok.launch.WollokLauncher -requestsPort 0 -eventsPort 0 -folder -dontValidate -coercingStrategy decimals -wf src/juego.wpgm -darkMode
java_class_path (initial): C:\Users\agust\Documents\UTN\pdp\Objetos\2022-tpgame-codeando-ando\bin;C:\Users\agust\Documents\wollok-win32.win32.x86_64\plugins\com.ibm.icu_64.2.0.v20190507-1337.jar;C:\Users\agust\Documents\wollok-win32.win32.x86_64\plugins\org.eclipse.xtext_2.20.0.v20191202-0915.jar;C:\Users\agust\Documents\wollok-win32.win32.x86_64\plugins\org.eclipse.emf.ecore.xmi_2.16.0.v20190528-0725.jar;C:\Users\agust\Documents\wollok-win32.win32.x86_64\plugins\org.eclipse.emf.ecore_2.20.0.v20190920-0401.jar;C:\Users\agust\Documents\wollok-win32.win32.x86_64\plugins\org.eclipse.emf.common_2.17.0.v20190920-0401.jar;C:\Users\agust\Documents\wollok-win32.win32.x86_64\plugins\org.antlr.runtime_3.2.0.v201101311130.jar;C:\Users\agust\Documents\wollok-win32.win32.x86_64\plugins\com.google.inject_3.0.0.v201605172100.jar;C:\Users\agust\Documents\wollok-win32.win32.x86_64\plugins\org.eclipse.emf.mwe.core_1.5.1.v20191121-1148.jar;C:\Users\agust\Documents\wollok-win32.win32.x86_64\plugins\org.apache.commons.cli_1.2.0.v201404270220.jar;C:\Users\agust\Documents\wollok-win32.win32.x86_64\plugins\org.eclipse.emf.mwe2.runtime_2.11.1.v20191121-1148.jar;C:\Users\agust\Documents\wollok-win32.win32.x86_64\plugins\org.eclipse.emf.mwe.utils_1.5.1.v20191121-1148.jar;C:\Users\agust\Documents\wollok-win32.win32.x86_64\plugins\org.eclipse.xtext.util_2.20.0.v20191202-0915.jar;C:\Users\agust\Documents\wollok-win32.win32.x86_64\plugins\com.google.guava_27.1.0.v20190517-1946.jar;C:\Users\agust\Documents\wollok-win32.win32.x86_64\plugins\javax.inject_1.0.0.v20091030.jar;C:\Users\agust\Documents\wollok-win32.win32.x86_64\plugins\org.eclipse.xtext.generator_2.20.0.v20191202-0933.jar;C:\Users\agust\Documents\wollok-win32.win32.x86_64\plugins\org.eclipse.xtext.xtext.generator_2.20.0.v20191202-0915.jar;C:\Users\agust\Documents\wollok-win32.win32.x86_64\plugins\org.eclipse.xtext.xbase.lib_2.20.0.v20191202-0907.jar;C:\Users\agust\Documents\wollok-win32.win32.x86_64\plugins\org.eclipse.emf.codegen.eco
Launcher Type: SUN_STANDARD

Environment Variables:
JAVA_HOME=C:\Program Files\Eclipse Adoptium\jdk-8.0.345.1-hotspot\
CLASSPATH=C:\LINGO64_20\Lingo20.jar
PATH=C:/Program Files/Eclipse Adoptium/jdk-8.0.345.1-hotspot/bin/../jre/bin/server;C:/Program Files/Eclipse Adoptium/jdk-8.0.345.1-hotspot/bin/../jre/bin;C:/Program Files/Eclipse Adoptium/jdk-8.0.345.1-hotspot/bin/../jre/lib/amd64;C:\Program Files\Eclipse Adoptium\jdk-8.0.345.1-hotspot\bin;C:\Program Files\Common Files\Oracle\Java\javapath;C:\Program Files\Python39\Scripts\;C:\Program Files\Python39\;C:\Program Files (x86)\Common Files\Oracle\Java\javapath;C:\Windows\system32;C:\Windows;C:\Windows\System32\Wbem;C:\Windows\System32\WindowsPowerShell\v1.0\;C:\Windows\System32\OpenSSH\;C:\Program Files\NVIDIA Corporation\NVIDIA NvDLISR;C:\WINDOWS\system32;C:\WINDOWS;C:\WINDOWS\System32\Wbem;C:\WINDOWS\System32\WindowsPowerShell\v1.0\;C:\WINDOWS\System32\OpenSSH\;C:\MinGW\bin;C:\Program Files\dotnet\;C:\Program Files\Git\cmd;C:\Program Files\Git\mingw64\bin;C:\Program Files\Git\usr\bin;C:\Program Files (x86)\NVIDIA Corporation\PhysX\Common;C:\GnuWin32\bin;C:\Program Files\swipl\bin;C:\LINGO64_20\;C:\Users\agust\AppData\Roaming\local\bin;C:\Users\agust\AppData\Local\Programs\Python\Python39\Scripts\;C:\Users\agust\AppData\Local\Programs\Python\Python39\;C:\Users\agust\AppData\Local\Microsoft\WindowsApps;C:\Users\agust\AppData\Local\Programs\Microsoft VS Code\bin;C:\Users\agust\Documents\wollok-win32.win32.x86_64;
USERNAME=agust
OS=Windows_NT
PROCESSOR_IDENTIFIER=Intel64 Family 6 Model 158 Stepping 10, GenuineIntel



---------------  S Y S T E M  ---------------

OS: Windows 10.0 , 64 bit Build 19041 (10.0.19041.1889)

CPU:total 8 (initial active 8) (4 cores per cpu, 2 threads per core) family 6 model 158 stepping 10, cmov, cx8, fxsr, mmx, sse, sse2, sse3, ssse3, sse4.1, sse4.2, popcnt, avx, avx2, aes, clmul, erms, 3dnowpref, lzcnt, ht, tsc, tscinvbit, bmi1, bmi2, adx

Memory: 4k page, physical 8265972k(1320452k free), swap 14881252k(2136256k free)

vm_info: OpenJDK 64-Bit Server VM (25.345-b01) for windows-amd64 JRE (1.8.0_345-b01), built on Aug  2 2022 10:16:38 by "jenkins" with MS VC++ 12.0 (VS2013)

time: Tue Nov 01 15:14:12 2022
timezone: Argentina Standard Time
elapsed time: 2.716075 seconds (0d 0h 0m 2s)

